1584980560673	mozrunner::runner	INFO	Running command: "C:\\Program Files\\Mozilla Firefox\\firefox.exe" "-marionette" "-foreground" "-no-remote" "-profile" "C:\\Users\\limc_\\AppData\\Local\\Temp\\rust_mozprofileApTv0b"
1584980561747	addons.webextension.screenshots@mozilla.org	WARN	Loading extension 'screenshots@mozilla.org': Reading manifest: Invalid extension permission: mozillaAddons
1584980561747	addons.webextension.screenshots@mozilla.org	WARN	Loading extension 'screenshots@mozilla.org': Reading manifest: Invalid extension permission: telemetry
1584980561747	addons.webextension.screenshots@mozilla.org	WARN	Loading extension 'screenshots@mozilla.org': Reading manifest: Invalid extension permission: resource://pdf.js/
1584980561748	addons.webextension.screenshots@mozilla.org	WARN	Loading extension 'screenshots@mozilla.org': Reading manifest: Invalid extension permission: about:reader*
JavaScript error: resource://gre/modules/XULStore.jsm, line 66: Error: Can't find profile directory.
1584980564161	Marionette	INFO	Listening on port 61716
1584980564196	Marionette	WARN	TLS certificate errors will be ignored for this session
[Parent 16012, Gecko_IOThread] WARNING: pipe error: 109: file z:/task_1575282935/build/src/ipc/chromium/src/chrome/common/ipc_channel_win.cc, line 341
[Child 15488, Chrome_ChildThread] WARNING: pipe error: 109: file z:/task_1575282935/build/src/ipc/chromium/src/chrome/common/ipc_channel_win.cc, line 341
[Child 14536, Chrome_ChildThread] WARNING: pipe error: 109: file z:/task_1575282935/build/src/ipc/chromium/src/chrome/common/ipc_channel_win.cc, line 341

###!!! [Child][RunMessage] Error: Channel closing: too late to send/recv, messages will be lost

[Child 14536, Chrome_ChildThread] WARNING: pipe error: 109: file z:/task_1575282935/build/src/ipc/chromium/src/chrome/common/ipc_channel_win.cc, line 341
[Child 16136, Chrome_ChildThread] WARNING: pipe error: 109: file z:/task_1575282935/build/src/ipc/chromium/src/chrome/common/ipc_channel_win.cc, line 341
[Child 16136,1584980600595	Marionette	INFO	Stopped listening on port 61716

###!!! [Child][RunMessage] Error: Channel closing: too late to send/recv, messages will be lost

[GPU 15384, 
###!!! [Child][MessageChannel::SendAndWait] Error: Channel error: cannot send/recv
[Parent 7588, Gecko_IOThread] WARNING: pipe error: 109: file z:/task_1575282935/build/src/ipc/chromium/src/chrome/common/ipc_channel_win.cc, line 341
[Parent 7588, Gecko_IOThread] WARNING: pipe error: 109: file z:/task_1575282935/build/src/ipc/chromium/src/chrome/common/ipc_channel_win.cc, line 341
[Child 13108, Chrome_ChildThread] WARNING: pipe error: 109: file z:/task_1575282935/build/src/ipc/chromium/src/chrome/common/ipc_channel_win.cc, line 341
[Child 13108,1584980604716	Marionette	INFO	Stopped listening on port 61768

###!!! [Child][RunMessage] Error: Channel closing: too late to send/recv, messages will be lost

[GPU 3944
###!!! [Child][MessageChannel::SendAndWait] Error: Channel error: cannot send/recv

1584980637463	mozrunner::runner	INFO	Running command: "C:\\Program Files\\Mozilla Firefox\\firefox.exe" "-marionette" "-foreground" "-no-remote" "-profile" "C:\\Users\\limc_\\AppData\\Local\\Temp\\rust_mozprofile6qogLM"
1584980637978	addons.webextension.screenshots@mozilla.org	WARN	Loading extension 'screenshots@mozilla.org': Reading manifest: Invalid extension permission: mozillaAddons
1584980637978	addons.webextension.screenshots@mozilla.org	WARN	Loading extension 'screenshots@mozilla.org': Reading manifest: Invalid extension permission: telemetry
1584980637978	addons.webextension.screenshots@mozilla.org	WARN	Loading extension 'screenshots@mozilla.org': Reading manifest: Invalid extension permission: resource://pdf.js/
1584980637978	addons.webextension.screenshots@mozilla.org	WARN	Loading extension 'screenshots@mozilla.org': Reading manifest: Invalid extension permission: about:reader*
JavaScript error: resource://gre/modules/XULStore.jsm, line 66: Error: Can't find profile directory.
1584980639759	Marionette	INFO	Listening on port 58306
1584980639781	Marionette	WARN	TLS certificate errors will be ignored for this session
JavaScript warning: https://static.xx.fbcdn.net/rsrc.php/v3iuuO4/yl/l/es_LA/oQQf-SqDp4N.js?_nc_x=kHaFpUfr8SJ, line 55: unreachable code after return statement
JavaScript warning: https://static.xx.fbcdn.net/rsrc.php/v3iuuO4/yl/l/es_LA/oQQf-SqDp4N.js?_nc_x=kHaFpUfr8SJ, line 55: unreachable code after return statement
JavaScript warning: https://static.xx.fbcdn.net/rsrc.php/v3iuuO4/yl/l/es_LA/oQQf-SqDp4N.js?_nc_x=kHaFpUfr8SJ, line 55: unreachable code after return statement
[Child 13436, Chrome_ChildThread] WARNING: pipe error: 109: file z:/task_1575282935/build/src/ipc/chromium/src/chrome/common/ipc_channel_win.cc, line 341
[Child 13436, Chrome_ChildThread] W[Parent 10988, Gecko_IOThread] WARNING: pipe error: 109: file z:/task_1575282935/build/src/ipc/chromium/src/chrome/common/ipc_channel_win.cc, line 341
[Parent 10988, Gecko_IOThread] WARNING: pipe error: 109: file z:/task_1575282935/build/src/ipc/chromium/src/chrome/common/ipc_channel_win.cc, line 341
[Child 16096, Chrome_ChildThread] WARNING: pipe error: 109: file z:/task_1575282935/build/src/ipc/chromium/src/chrome/common/ipc_channel_win.cc, line 341
[Child 1601584980664407	Marionette	INFO	Stopped listening on port 58306

###!!! [Child][MessageChannel::SendAndWait] Error: Channel error: cannot send/recv

1584980687043	mozrunner::runner	INFO	Running command: "C:\\Program Files\\Mozilla Firefox\\firefox.exe" "-marionette" "-foreground" "-no-remote" "-profile" "C:\\Users\\limc_\\AppData\\Local\\Temp\\rust_mozprofile5mAiCR"
1584980687557	addons.webextension.screenshots@mozilla.org	WARN	Loading extension 'screenshots@mozilla.org': Reading manifest: Invalid extension permission: mozillaAddons
1584980687557	addons.webextension.screenshots@mozilla.org	WARN	Loading extension 'screenshots@mozilla.org': Reading manifest: Invalid extension permission: telemetry
1584980687557	addons.webextension.screenshots@mozilla.org	WARN	Loading extension 'screenshots@mozilla.org': Reading manifest: Invalid extension permission: resource://pdf.js/
1584980687557	addons.webextension.screenshots@mozilla.org	WARN	Loading extension 'screenshots@mozilla.org': Reading manifest: Invalid extension permission: about:reader*
JavaScript error: resource://gre/modules/XULStore.jsm, line 66: Error: Can't find profile directory.
1584980689428	Marionette	INFO	Listening on port 58363
1584980689488	Marionette	WARN	TLS certificate errors will be ignored for this session
JavaScript warning: https://static.xx.fbcdn.net/rsrc.php/v3iuuO4/yl/l/es_LA/oQQf-SqDp4N.js?_nc_x=kHaFpUfr8SJ, line 55: unreachable code after return statement
JavaScript warning: https://static.xx.fbcdn.net/rsrc.php/v3iuuO4/yl/l/es_LA/oQQf-SqDp4N.js?_nc_x=kHaFpUfr8SJ, line 55: unreachable code after return statement
JavaScript warning: https://static.xx.fbcdn.net/rsrc.php/v3iuuO4/yl/l/es_LA/oQQf-SqDp4N.js?_nc_x=kHaFpUfr8SJ, line 55: unreachable code after return statement
console.log: "getSources failed. Connection may have closed: Error: Connection closed, pending request to server0.conn0.child1/thread19, type sources failed\n\nRequest stack:\nrequest@resource://devtools/shared/protocol/Front.js:176:14\ngenerateRequestMethods/</frontProto[name]@resource://devtools/shared/protocol/Front/FrontClassWithSpec.js:49:19\ngetSources@resource://devtools/shared/fronts/thread.js:210:34\nSourceMapURLService.prototype._getLoadingPromise/this._loadingPromise<@resource://devtools/client/framework/source-map-url-service.js:81:56\n"
*************************
A coding exception was thrown in a Promise resolution callback.
See https://developer.mozilla.org/Mozilla/JavaScript_code_modules/Promise.jsm/Promise

Full message: TypeError: container.editor is undefined
Full stack: showNode/<@resource://devtools/client/inspector/markup/markup.js:1577:9
process@resource://gre/modules/Promise-backend.js:961:38
walkerLoop@resource://gre/modules/Promise-backend.js:845:29
scheduleWalkerLoop/<@resource://gre/modules/Promise-backend.js:778:14

*************************
console.error: (new TypeError("container.editor is undefined", "resource://devtools/client/inspector/markup/markup.js", 1577))
[Parent 13092, Gecko_IOThread] WARNING: pipe error: 109: file z:/task_1575282935/build/src/ipc/chromium/src/chrome/common/ipc_channel_win.cc, line 341

###!!! [Child][MessageChannel] Error: (msgtype=0x660029,name=PNecko::Msg_RemoveRequestContext) Channel closing: too late to send/recv, messages will be lost


###!!! [Child][MessageChannel] Error: (msgtype=0x37011E,name=PContent::Msg_ScriptError) Channel closing: too late to send/recv, messages will be lost


###!!! [Child][MessageChannel] Error: (msgtype=0xAD0006,name=PWebSocket::Msg_DeleteSelf) Channel closing: too late to send/recv, messages will be lost

[Parent 13092, Gecko_IOThread] WARNING: pipe error: 109: file z:/task_1575282935/build/src/ipc/chromium/src/chrome/common/ipc_channel_win.cc, line 341
1584981526001	Marionette	INFO	Stopped listening on port 58363

###!!! [Child][RunMessage] Error: Channel closing: too late to send/recv, messages will be lost

[GPU 2540, Chrome_ChildThread] WARNING: pipe error: 109: file z:/task_1575282935/build/src/ipc/chromium/src/chrome/common/ipc_channel_win.
###!!! [Child][MessageChannel::SendAndWait] Error: Channel error: cannot send/recv

: https://static.xx.fbcdn.net/rsrc.php/v3iuuO4/yl/l/es_LA/oQQf-SqDp4N.js?_nc_x=kHaFpUfr8SJ, line 55: unreachable code after return statement
JavaScript warning: https://static.xx.fbcdn.net/rsrc.php/v3iuuO4/yl/l/es_LA/oQQf-SqDp4N.js?_nc_x=kHaFpUfr8SJ, line 55: unreachable code after return statement
JavaScript warning: https://static.xx.fbcdn.net/rsrc.php/v3iuuO4/yl/l/es_LA/oQQf-SqDp4N.js?_nc_x=kHaFpUfr8SJ, line 55: unreachable code after return statement
[Parent 13436, Gecko_IOThread] WARNING: pipe error: 109: file z:/task_1575282935/build/src/ipc/chromium/src/chrome/common/ipc_channel_win.cc, line 341
[Child 7244, Chrome_ChildThread] WARNING: pipe error: 109: file z:/task_1575282935/build/src/ipc/chromium/src/chrome/common/ipc_channel_win.cc, line 341
[Child 7244, Chrome_ChildThread] WARNING: pipe error: 109: file z:/task_1575282935/build/src/ipc/chromium/src/chrome/common/ipc_channel_win.cc, line 341
[Parent 13436, Gecko_IOThread] WARNING: pipe error: 109: file z:/task_1575282935/build/src/ipc/chromium/src/chrome/common/ipc_channel_win.cc, line 341
[Child 14296, Chrome_ChildThread] WARNING: pipe error: 109: file z:/task_1575282935/build/src/ipc/chromium/src/chrome/common/ipc_channel_win.cc, line 341
[Child 14296, Chrome_ChildThread] WARNING: pipe error: 109: file z:/task_1575282935/build/src/ipc/chromium/src/chrome/common/ipc_channel_win.cc, line 341
[Child 13744, Chrome_ChildThread] WARNING: pipe error: 109: file z:/task_1575282935/build/src/ipc/chromium/src/chrome/common/ipc_channel_win.cc, line 341
[Child 131584981527418	Marionette	INFO	Stopped listening on port 58591

###!!! [Child][RunMessage] Error: Channel closing: too late to send/recv, messages will be lost

[GPU 15004,
###!!! [Child][MessageChannel::SendAndWait] Error: Channel error: cannot send/recv

cdn.net/rsrc.php/v3iuuO4/yl/l/es_LA/oQQf-SqDp4N.js?_nc_x=kHaFpUfr8SJ, line 55: unreachable code after return statement
JavaScript warning: https://static.xx.fbcdn.net/rsrc.php/v3iuuO4/yl/l/es_LA/oQQf-SqDp4N.js?_nc_x=kHaFpUfr8SJ, line 55: unreachable code after return statement
[Parent 15336, Gecko_IOThread] WARNING: file z:/task_1575282935/build/src/ipc/chromium/src/chrome/common/ipc_channel_win.cc, line 307
[Parent 15336, Gecko_IOThread] WARNING: file z:/task_1575282935/build/src/ipc/chromium/src/chrome/common/ipc_channel_win.cc, line 307
IPDL protocol error: Handler returned error code!

###!!! [Parent][DispatchAsyncMessage] Error: PLayerTransaction::Msg_ReleaseLayer Processing error: message was deserialized, but the handler returned false (indicating failure)

[Parent 15336, Gecko_IOThread] WARNING: pipe error: 109: file z:/task_1575282935/build/src/ipc/chromium/src/chrome/common/ipc_channel_win.cc, line 341
[Parent 15336, Gecko_IOThread] WARNING: pipe error: 109: file z:/task_1575282935/build/src/ipc/chromium/src/chrome/common/ipc_channel_win.cc, line 341
[Child 12600, Chrome_ChildThread] WARNING: pipe error: 109: file z:/task_1575282935/build/src/ipc/chromium/src/chrome/common/ipc_channel_win.cc, line 341
[Child 5956, Chrome_ChildThread] WARNING: pipe error: 109: file z:/task_1575282935/build/src/ipc/chromium/src/chrome/common/ipc_channel_win.cc, line 341
[Child 5956, Chrome_[Parent 15336[Parent 7180, Gecko_IOThread] WARNING: pipe error: 109: file z:/task_1575282935/build/src/ipc/chromium/src/chrome/common/ipc_channel_win.cc, line 341
[Parent 7180, Gecko_IOThread] WARNING: pipe error: 109: file z:/task_1575282935/build/src/ipc/chromium/src/chrome/common/ipc_channel_win.cc, line 341
[Child 13952, Chrome_ChildThread] WARNING: pipe error: 109: file z:/task_1575282935/build/src/ipc/chromium/src/chrome/common/ipc_channel_win.cc, line 341
[Child 13952, [Parent 7180, Gecko_IOThread] WARNING: pipe error: 109: file z:/task_1575282935/build/src/ipc/chromium/src/chrome/common/ipc_channel_win.cc, line 341
[Child 2196, Chrome_ChildThread] WARNING: pipe error: 109: file z:/task_1575282935/build/src/ipc/chromium/src/chrome/common/ipc_channel_win.cc, line 341
[Child 2196, Chrome_ChildThread] WARNING: pipe error: 109: file z:/task_1575282935/build/src/ipc/chromium/src/chrome/common/ipc_channel_win.cc, line 341
1584981499374	Marionette	INFO	Stopped listening on port 59991

###!!! [Child][RunMessage] Error: Channel closing: too late to send/recv, messages will be lost

[GPU 11352
###!!! [Child][MessageChannel::SendAndWait] Error: Channel error: cannot send/recv

1584981520794	mozrunner::runner	INFO	Running command: "C:\\Program Files\\Mozilla Firefox\\firefox.exe" "-marionette" "-foreground" "-no-remote" "-profile" "C:\\Users\\limc_\\AppData\\Local\\Temp\\rust_mozprofileF4mLfE"
1584981521480	addons.webextension.screenshots@mozilla.org	WARN	Loading extension 'screenshots@mozilla.org': Reading manifest: Invalid extension permission: mozillaAddons
1584981521481	addons.webextension.screenshots@mozilla.org	WARN	Loading extension 'screenshots@mozilla.org': Reading manifest: Invalid extension permission: telemetry
1584981521481	addons.webextension.screenshots@mozilla.org	WARN	Loading extension 'screenshots@mozilla.org': Reading manifest: Invalid extension permission: resource://pdf.js/
1584981521481	addons.webextension.screenshots@mozilla.org	WARN	Loading extension 'screenshots@mozilla.org': Reading manifest: Invalid extension permission: about:reader*
JavaScript error: resource://gre/modules/XULStore.jsm, line 66: Error: Can't find profile directory.
1584981523266	Marionette	INFO	Listening on port 60105
1584981523432	Marionette	WARN	TLS certificate errors will be ignored for this session
JavaScript warning: https://static.xx.fbcdn.net/rsrc.php/v3iuuO4/yl/l/es_LA/oQQf-SqDp4N.js?_nc_x=kHaFpUfr8SJ, line 55: unreachable code after return statement
JavaScript warning: https://static.xx.fbcdn.net/rsrc.php/v3iuuO4/yl/l/es_LA/oQQf-SqDp4N.js?_nc_x=kHaFpUfr8SJ, line 55: unreachable code after return statement
JavaScript warning: https://static.xx.fbcdn.net/rsrc.php/v3iuuO4/yl/l/es_LA/oQQf-SqDp4N.js?_nc_x=kHaFpUfr8SJ, line 55: unreachable code after return statement
[Parent 3892, Gecko_IOThread] WARNING: pipe error: 109: file z:/task_1575282935/build/src/ipc/chromium/src/chrome/common/ipc_channel_win.cc, line 341
1584981632867	mozrunner::runner	INFO	Running command: "C:\\Program Files\\Mozilla Firefox\\firefox.exe" "-marionette" "-foreground" "-no-remote" "-profile" "C:\\Users\\limc_\\AppData\\Local\\Temp\\rust_mozprofile89ARpa"
1584981633409	addons.webextension.screenshots@mozilla.org	WARN	Loading extension 'screenshots@mozilla.org': Reading manifest: Invalid extension permission: mozillaAddons
1584981633409	addons.webextension.screenshots@mozilla.org	WARN	Loading extension 'screenshots@mozilla.org': Reading manifest: Invalid extension permission: telemetry
1584981633409	addons.webextension.screenshots@mozilla.org	WARN	Loading extension 'screenshots@mozilla.org': Reading manifest: Invalid extension permission: resource://pdf.js/
1584981633409	addons.webextension.screenshots@mozilla.org	WARN	Loading extension 'screenshots@mozilla.org': Reading manifest: Invalid extension permission: about:reader*
JavaScript error: resource://gre/modules/XULStore.jsm, line 66: Error: Can't find profile directory.
1584981635172	Marionette	INFO	Listening on port 60189
1584981635507	Marionette	WARN	TLS certificate errors will be ignored for this session
[Parent 15220, Gecko_IOThread] WARNING: pipe error: 109: file z:/task_1575282935/build/src/ipc/chromium/src/chrome/common/ipc_channel_win.cc, line 341
JavaScript warning: https://static.xx.fbcdn.net/rsrc.php/v3iuuO4/yl/l/es_LA/oQQf-SqDp4N.js?_nc_x=kHaFpUfr8SJ, line 55: unreachable code after return statement
JavaScript warning: https://static.xx.fbcdn.net/rsrc.php/v3iuuO4/yl/l/es_LA/oQQf-SqDp4N.js?_nc_x=kHaFpUfr8SJ, line 55: unreachable code after return statement
JavaScript warning: https://static.xx.fbcdn.net/rsrc.php/v3iuuO4/yl/l/es_LA/oQQf-SqDp4N.js?_nc_x=kHaFpUfr8SJ, line 55: unreachable code after return statement
